<?xml version="1.0" encoding="UTF-8"?>
<!-- Generated by org.testng.reporters.JUnitXMLReporter -->
<testsuite ignored="6" hostname="WINDOWS-HIDHT5B" failures="0" tests="28" name="Surefire test" time="80.497" errors="0" timestamp="2020-02-08T17:00:36 EST">
  <testcase classname="common.CommonAPI" name="@BeforeMethod setUp" time="20.314">
    <failure type="org.openqa.selenium.WebDriverException" message="Timed out waiting for driver server to start.
Build info: version: &amp;apos;3.141.59&amp;apos;, revision: &amp;apos;e82be7d358&amp;apos;, time: &amp;apos;2018-11-14T08:17:03&amp;apos;
System info: host: &amp;apos;WINDOWS-HIDHT5B&amp;apos;, ip: &amp;apos;192.168.56.1&amp;apos;, os.name: &amp;apos;Windows 10&amp;apos;, os.arch: &amp;apos;amd64&amp;apos;, os.version: &amp;apos;10.0&amp;apos;, java.version: &amp;apos;13.0.1&amp;apos;
Driver info: driver.version: ChromeDriver">
      <![CDATA[org.openqa.selenium.WebDriverException: Timed out waiting for driver server to start.
Build info: version: '3.141.59', revision: 'e82be7d358', time: '2018-11-14T08:17:03'
System info: host: 'WINDOWS-HIDHT5B', ip: '192.168.56.1', os.name: 'Windows 10', os.arch: 'amd64', os.version: '10.0', java.version: '13.0.1'
Driver info: driver.version: ChromeDriver
at org.openqa.selenium.remote.service.DriverService.waitUntilAvailable(DriverService.java:202)
at org.openqa.selenium.remote.service.DriverService.start(DriverService.java:188)
at org.openqa.selenium.remote.service.DriverCommandExecutor.execute(DriverCommandExecutor.java:79)
at org.openqa.selenium.remote.RemoteWebDriver.execute(RemoteWebDriver.java:552)
at org.openqa.selenium.remote.RemoteWebDriver.startSession(RemoteWebDriver.java:213)
at org.openqa.selenium.remote.RemoteWebDriver.<init>(RemoteWebDriver.java:131)
at org.openqa.selenium.chrome.ChromeDriver.<init>(ChromeDriver.java:181)
at org.openqa.selenium.chrome.ChromeDriver.<init>(ChromeDriver.java:168)
at org.openqa.selenium.chrome.ChromeDriver.<init>(ChromeDriver.java:157)
at common.CommonAPI.getLocalDriver(CommonAPI.java:135)
at common.CommonAPI.setUp(CommonAPI.java:112)
at java.base/java.util.ArrayList.forEach(ArrayList.java:1507)
Caused by: org.openqa.selenium.net.UrlChecker$TimeoutException: Timed out waiting for [http://localhost:48823/status] to be available after 20004 ms
at org.openqa.selenium.net.UrlChecker.waitUntilAvailable(UrlChecker.java:100)
at org.openqa.selenium.remote.service.DriverService.waitUntilAvailable(DriverService.java:197)
... 47 more
Caused by: java.util.concurrent.TimeoutException
at java.base/java.util.concurrent.FutureTask.get(FutureTask.java:204)
at com.google.common.util.concurrent.SimpleTimeLimiter.callWithTimeout(SimpleTimeLimiter.java:156)
at org.openqa.selenium.net.UrlChecker.waitUntilAvailable(UrlChecker.java:75)
... 48 more
... Removed 36 stack frames]]>
    </failure>
  </testcase> <!-- @BeforeMethod setUp -->
  <testcase classname="common.CommonAPI" name="@BeforeMethod startExtent" time="-1.581199176535E9">
    <skipped/>
  </testcase> <!-- @BeforeMethod startExtent -->
  <testcase classname="common.CommonAPI" name="@AfterMethod afterEachTestMethod" time="-1.581199176539E9">
    <skipped/>
  </testcase> <!-- @AfterMethod afterEachTestMethod -->
  <testcase classname="common.CommonAPI" name="@BeforeMethod setUp" time="-1.581199176539E9">
    <skipped/>
  </testcase> <!-- @BeforeMethod setUp -->
  <testcase classname="common.CommonAPI" name="@BeforeMethod startExtent" time="-1.581199176539E9">
    <skipped/>
  </testcase> <!-- @BeforeMethod startExtent -->
  <testcase classname="common.CommonAPI" name="@AfterMethod afterEachTestMethod" time="-1.58119917654E9">
    <skipped/>
  </testcase> <!-- @AfterMethod afterEachTestMethod -->
  <testcase classname="common.CommonAPI" name="@BeforeMethod setUp" time="-1.581199176541E9">
    <skipped/>
  </testcase> <!-- @BeforeMethod setUp -->
  <testcase classname="common.CommonAPI" name="@BeforeMethod startExtent" time="-1.581199176541E9">
    <skipped/>
  </testcase> <!-- @BeforeMethod startExtent -->
  <testcase classname="common.CommonAPI" name="@AfterMethod afterEachTestMethod" time="-1.581199176541E9">
    <skipped/>
  </testcase> <!-- @AfterMethod afterEachTestMethod -->
  <testcase classname="common.CommonAPI" name="@BeforeMethod setUp" time="-1.581199176542E9">
    <skipped/>
  </testcase> <!-- @BeforeMethod setUp -->
  <testcase classname="common.CommonAPI" name="@BeforeMethod startExtent" time="-1.581199176542E9">
    <skipped/>
  </testcase> <!-- @BeforeMethod startExtent -->
  <testcase classname="common.CommonAPI" name="@AfterMethod afterEachTestMethod" time="-1.581199176542E9">
    <skipped/>
  </testcase> <!-- @AfterMethod afterEachTestMethod -->
  <testcase classname="common.CommonAPI" name="@BeforeMethod setUp" time="-1.581199176543E9">
    <skipped/>
  </testcase> <!-- @BeforeMethod setUp -->
  <testcase classname="common.CommonAPI" name="@BeforeMethod startExtent" time="-1.581199176543E9">
    <skipped/>
  </testcase> <!-- @BeforeMethod startExtent -->
  <testcase classname="common.CommonAPI" name="@AfterMethod afterEachTestMethod" time="-1.581199176544E9">
    <skipped/>
  </testcase> <!-- @AfterMethod afterEachTestMethod -->
  <testcase classname="common.CommonAPI" name="@BeforeMethod setUp" time="-1.581199176544E9">
    <skipped/>
  </testcase> <!-- @BeforeMethod setUp -->
  <testcase classname="common.CommonAPI" name="@BeforeMethod startExtent" time="-1.581199176545E9">
    <skipped/>
  </testcase> <!-- @BeforeMethod startExtent -->
  <testcase classname="common.CommonAPI" name="@AfterMethod afterEachTestMethod" time="-1.581199176546E9">
    <skipped/>
  </testcase> <!-- @AfterMethod afterEachTestMethod -->
  <testcase classname="common.CommonAPI" name="@BeforeMethod setUp" time="-1.581199176547E9">
    <skipped/>
  </testcase> <!-- @BeforeMethod setUp -->
  <testcase classname="common.CommonAPI" name="@BeforeMethod startExtent" time="-1.581199176547E9">
    <skipped/>
  </testcase> <!-- @BeforeMethod startExtent -->
  <testcase classname="common.CommonAPI" name="@AfterMethod afterEachTestMethod" time="-1.581199176547E9">
    <skipped/>
  </testcase> <!-- @AfterMethod afterEachTestMethod -->
  <testcase classname="common.CommonAPI" name="@BeforeMethod setUp" time="-1.581199176548E9">
    <skipped/>
  </testcase> <!-- @BeforeMethod setUp -->
  <testcase classname="common.CommonAPI" name="@BeforeMethod startExtent" time="-1.581199176548E9">
    <skipped/>
  </testcase> <!-- @BeforeMethod startExtent -->
  <testcase classname="common.CommonAPI" name="@AfterMethod afterEachTestMethod" time="-1.581199176548E9">
    <skipped/>
  </testcase> <!-- @AfterMethod afterEachTestMethod -->
  <testcase classname="common.CommonAPI" name="@BeforeMethod setUp" time="-1.581199176549E9">
    <skipped/>
  </testcase> <!-- @BeforeMethod setUp -->
  <testcase classname="common.CommonAPI" name="@BeforeMethod startExtent" time="-1.581199176549E9">
    <skipped/>
  </testcase> <!-- @BeforeMethod startExtent -->
  <testcase classname="common.CommonAPI" name="@AfterMethod afterEachTestMethod" time="-1.58119917655E9">
    <skipped/>
  </testcase> <!-- @AfterMethod afterEachTestMethod -->
  <testcase classname="common.CommonAPI" name="@AfterClass cleanUp" time="-1.581199176551E9">
    <skipped/>
  </testcase> <!-- @AfterClass cleanUp -->
  <testcase classname="common.CommonAPI" name="@BeforeMethod setUp" time="20.014">
    <failure type="org.openqa.selenium.WebDriverException" message="Timed out waiting for driver server to start.
Build info: version: &amp;apos;3.141.59&amp;apos;, revision: &amp;apos;e82be7d358&amp;apos;, time: &amp;apos;2018-11-14T08:17:03&amp;apos;
System info: host: &amp;apos;WINDOWS-HIDHT5B&amp;apos;, ip: &amp;apos;192.168.56.1&amp;apos;, os.name: &amp;apos;Windows 10&amp;apos;, os.arch: &amp;apos;amd64&amp;apos;, os.version: &amp;apos;10.0&amp;apos;, java.version: &amp;apos;13.0.1&amp;apos;
Driver info: driver.version: ChromeDriver">
      <![CDATA[org.openqa.selenium.WebDriverException: Timed out waiting for driver server to start.
Build info: version: '3.141.59', revision: 'e82be7d358', time: '2018-11-14T08:17:03'
System info: host: 'WINDOWS-HIDHT5B', ip: '192.168.56.1', os.name: 'Windows 10', os.arch: 'amd64', os.version: '10.0', java.version: '13.0.1'
Driver info: driver.version: ChromeDriver
at org.openqa.selenium.remote.service.DriverService.waitUntilAvailable(DriverService.java:202)
at org.openqa.selenium.remote.service.DriverService.start(DriverService.java:188)
at org.openqa.selenium.remote.service.DriverCommandExecutor.execute(DriverCommandExecutor.java:79)
at org.openqa.selenium.remote.RemoteWebDriver.execute(RemoteWebDriver.java:552)
at org.openqa.selenium.remote.RemoteWebDriver.startSession(RemoteWebDriver.java:213)
at org.openqa.selenium.remote.RemoteWebDriver.<init>(RemoteWebDriver.java:131)
at org.openqa.selenium.chrome.ChromeDriver.<init>(ChromeDriver.java:181)
at org.openqa.selenium.chrome.ChromeDriver.<init>(ChromeDriver.java:168)
at org.openqa.selenium.chrome.ChromeDriver.<init>(ChromeDriver.java:157)
at common.CommonAPI.getLocalDriver(CommonAPI.java:135)
at common.CommonAPI.setUp(CommonAPI.java:112)
at java.base/java.util.ArrayList.forEach(ArrayList.java:1507)
Caused by: org.openqa.selenium.net.UrlChecker$TimeoutException: Timed out waiting for [http://localhost:22994/status] to be available after 20001 ms
at org.openqa.selenium.net.UrlChecker.waitUntilAvailable(UrlChecker.java:100)
at org.openqa.selenium.remote.service.DriverService.waitUntilAvailable(DriverService.java:197)
... 47 more
Caused by: java.util.concurrent.TimeoutException
at java.base/java.util.concurrent.FutureTask.get(FutureTask.java:204)
at com.google.common.util.concurrent.SimpleTimeLimiter.callWithTimeout(SimpleTimeLimiter.java:156)
at org.openqa.selenium.net.UrlChecker.waitUntilAvailable(UrlChecker.java:75)
... 48 more
... Removed 36 stack frames]]>
    </failure>
  </testcase> <!-- @BeforeMethod setUp -->
  <testcase classname="common.CommonAPI" name="@BeforeMethod startExtent" time="-1.581199196571E9">
    <skipped/>
  </testcase> <!-- @BeforeMethod startExtent -->
  <testcase classname="common.CommonAPI" name="@AfterMethod afterEachTestMethod" time="-1.581199196572E9">
    <skipped/>
  </testcase> <!-- @AfterMethod afterEachTestMethod -->
  <testcase classname="common.CommonAPI" name="@BeforeMethod setUp" time="-1.581199196574E9">
    <skipped/>
  </testcase> <!-- @BeforeMethod setUp -->
  <testcase classname="common.CommonAPI" name="@BeforeMethod startExtent" time="-1.581199196575E9">
    <skipped/>
  </testcase> <!-- @BeforeMethod startExtent -->
  <testcase classname="common.CommonAPI" name="@AfterMethod afterEachTestMethod" time="-1.581199196576E9">
    <skipped/>
  </testcase> <!-- @AfterMethod afterEachTestMethod -->
  <testcase classname="common.CommonAPI" name="@BeforeMethod setUp" time="-1.581199196577E9">
    <skipped/>
  </testcase> <!-- @BeforeMethod setUp -->
  <testcase classname="common.CommonAPI" name="@BeforeMethod startExtent" time="-1.581199196577E9">
    <skipped/>
  </testcase> <!-- @BeforeMethod startExtent -->
  <testcase classname="common.CommonAPI" name="@AfterMethod afterEachTestMethod" time="-1.581199196579E9">
    <skipped/>
  </testcase> <!-- @AfterMethod afterEachTestMethod -->
  <testcase classname="common.CommonAPI" name="@BeforeMethod setUp" time="-1.58119919658E9">
    <skipped/>
  </testcase> <!-- @BeforeMethod setUp -->
  <testcase classname="common.CommonAPI" name="@BeforeMethod startExtent" time="-1.581199196581E9">
    <skipped/>
  </testcase> <!-- @BeforeMethod startExtent -->
  <testcase classname="common.CommonAPI" name="@AfterMethod afterEachTestMethod" time="-1.581199196582E9">
    <skipped/>
  </testcase> <!-- @AfterMethod afterEachTestMethod -->
  <testcase classname="common.CommonAPI" name="@BeforeMethod setUp" time="-1.581199196584E9">
    <skipped/>
  </testcase> <!-- @BeforeMethod setUp -->
  <testcase classname="common.CommonAPI" name="@BeforeMethod startExtent" time="-1.581199196584E9">
    <skipped/>
  </testcase> <!-- @BeforeMethod startExtent -->
  <testcase classname="common.CommonAPI" name="@AfterMethod afterEachTestMethod" time="-1.581199196585E9">
    <skipped/>
  </testcase> <!-- @AfterMethod afterEachTestMethod -->
  <testcase classname="common.CommonAPI" name="@BeforeMethod setUp" time="-1.581199196586E9">
    <skipped/>
  </testcase> <!-- @BeforeMethod setUp -->
  <testcase classname="common.CommonAPI" name="@BeforeMethod startExtent" time="-1.581199196587E9">
    <skipped/>
  </testcase> <!-- @BeforeMethod startExtent -->
  <testcase classname="common.CommonAPI" name="@AfterMethod afterEachTestMethod" time="-1.581199196589E9">
    <skipped/>
  </testcase> <!-- @AfterMethod afterEachTestMethod -->
  <testcase classname="common.CommonAPI" name="@AfterClass cleanUp" time="-1.58119919659E9">
    <skipped/>
  </testcase> <!-- @AfterClass cleanUp -->
  <testcase classname="common.CommonAPI" name="@BeforeMethod setUp" time="20.026">
    <failure type="org.openqa.selenium.WebDriverException" message="Timed out waiting for driver server to start.
Build info: version: &amp;apos;3.141.59&amp;apos;, revision: &amp;apos;e82be7d358&amp;apos;, time: &amp;apos;2018-11-14T08:17:03&amp;apos;
System info: host: &amp;apos;WINDOWS-HIDHT5B&amp;apos;, ip: &amp;apos;192.168.56.1&amp;apos;, os.name: &amp;apos;Windows 10&amp;apos;, os.arch: &amp;apos;amd64&amp;apos;, os.version: &amp;apos;10.0&amp;apos;, java.version: &amp;apos;13.0.1&amp;apos;
Driver info: driver.version: ChromeDriver">
      <![CDATA[org.openqa.selenium.WebDriverException: Timed out waiting for driver server to start.
Build info: version: '3.141.59', revision: 'e82be7d358', time: '2018-11-14T08:17:03'
System info: host: 'WINDOWS-HIDHT5B', ip: '192.168.56.1', os.name: 'Windows 10', os.arch: 'amd64', os.version: '10.0', java.version: '13.0.1'
Driver info: driver.version: ChromeDriver
at org.openqa.selenium.remote.service.DriverService.waitUntilAvailable(DriverService.java:202)
at org.openqa.selenium.remote.service.DriverService.start(DriverService.java:188)
at org.openqa.selenium.remote.service.DriverCommandExecutor.execute(DriverCommandExecutor.java:79)
at org.openqa.selenium.remote.RemoteWebDriver.execute(RemoteWebDriver.java:552)
at org.openqa.selenium.remote.RemoteWebDriver.startSession(RemoteWebDriver.java:213)
at org.openqa.selenium.remote.RemoteWebDriver.<init>(RemoteWebDriver.java:131)
at org.openqa.selenium.chrome.ChromeDriver.<init>(ChromeDriver.java:181)
at org.openqa.selenium.chrome.ChromeDriver.<init>(ChromeDriver.java:168)
at org.openqa.selenium.chrome.ChromeDriver.<init>(ChromeDriver.java:157)
at common.CommonAPI.getLocalDriver(CommonAPI.java:135)
at common.CommonAPI.setUp(CommonAPI.java:112)
at java.base/java.util.ArrayList.forEach(ArrayList.java:1507)
Caused by: org.openqa.selenium.net.UrlChecker$TimeoutException: Timed out waiting for [http://localhost:25391/status] to be available after 20001 ms
at org.openqa.selenium.net.UrlChecker.waitUntilAvailable(UrlChecker.java:100)
at org.openqa.selenium.remote.service.DriverService.waitUntilAvailable(DriverService.java:197)
... 47 more
Caused by: java.util.concurrent.TimeoutException
at java.base/java.util.concurrent.FutureTask.get(FutureTask.java:204)
at com.google.common.util.concurrent.SimpleTimeLimiter.callWithTimeout(SimpleTimeLimiter.java:156)
at org.openqa.selenium.net.UrlChecker.waitUntilAvailable(UrlChecker.java:75)
... 48 more
... Removed 36 stack frames]]>
    </failure>
  </testcase> <!-- @BeforeMethod setUp -->
  <testcase classname="common.CommonAPI" name="@BeforeMethod startExtent" time="-1.581199216619E9">
    <skipped/>
  </testcase> <!-- @BeforeMethod startExtent -->
  <testcase classname="common.CommonAPI" name="@AfterMethod afterEachTestMethod" time="-1.58119921662E9">
    <skipped/>
  </testcase> <!-- @AfterMethod afterEachTestMethod -->
  <testcase classname="common.CommonAPI" name="@BeforeMethod setUp" time="-1.58119921662E9">
    <skipped/>
  </testcase> <!-- @BeforeMethod setUp -->
  <testcase classname="common.CommonAPI" name="@BeforeMethod startExtent" time="-1.581199216621E9">
    <skipped/>
  </testcase> <!-- @BeforeMethod startExtent -->
  <testcase classname="common.CommonAPI" name="@AfterMethod afterEachTestMethod" time="-1.581199216622E9">
    <skipped/>
  </testcase> <!-- @AfterMethod afterEachTestMethod -->
  <testcase classname="common.CommonAPI" name="@BeforeMethod setUp" time="-1.581199216622E9">
    <skipped/>
  </testcase> <!-- @BeforeMethod setUp -->
  <testcase classname="common.CommonAPI" name="@BeforeMethod startExtent" time="-1.581199216623E9">
    <skipped/>
  </testcase> <!-- @BeforeMethod startExtent -->
  <testcase classname="common.CommonAPI" name="@AfterMethod afterEachTestMethod" time="-1.581199216623E9">
    <skipped/>
  </testcase> <!-- @AfterMethod afterEachTestMethod -->
  <testcase classname="common.CommonAPI" name="@BeforeMethod setUp" time="-1.581199216624E9">
    <skipped/>
  </testcase> <!-- @BeforeMethod setUp -->
  <testcase classname="common.CommonAPI" name="@BeforeMethod startExtent" time="-1.581199216624E9">
    <skipped/>
  </testcase> <!-- @BeforeMethod startExtent -->
  <testcase classname="common.CommonAPI" name="@AfterMethod afterEachTestMethod" time="-1.581199216625E9">
    <skipped/>
  </testcase> <!-- @AfterMethod afterEachTestMethod -->
  <testcase classname="common.CommonAPI" name="@BeforeMethod setUp" time="-1.581199216626E9">
    <skipped/>
  </testcase> <!-- @BeforeMethod setUp -->
  <testcase classname="common.CommonAPI" name="@BeforeMethod startExtent" time="-1.581199216626E9">
    <skipped/>
  </testcase> <!-- @BeforeMethod startExtent -->
  <testcase classname="common.CommonAPI" name="@AfterMethod afterEachTestMethod" time="-1.581199216627E9">
    <skipped/>
  </testcase> <!-- @AfterMethod afterEachTestMethod -->
  <testcase classname="common.CommonAPI" name="@BeforeMethod setUp" time="-1.581199216627E9">
    <skipped/>
  </testcase> <!-- @BeforeMethod setUp -->
  <testcase classname="common.CommonAPI" name="@BeforeMethod startExtent" time="-1.581199216628E9">
    <skipped/>
  </testcase> <!-- @BeforeMethod startExtent -->
  <testcase classname="common.CommonAPI" name="@AfterMethod afterEachTestMethod" time="-1.581199216628E9">
    <skipped/>
  </testcase> <!-- @AfterMethod afterEachTestMethod -->
  <testcase classname="common.CommonAPI" name="@AfterClass cleanUp" time="-1.581199216629E9">
    <skipped/>
  </testcase> <!-- @AfterClass cleanUp -->
  <testcase classname="common.CommonAPI" name="@BeforeMethod setUp" time="20.026">
    <failure type="org.openqa.selenium.WebDriverException" message="Timed out waiting for driver server to start.
Build info: version: &amp;apos;3.141.59&amp;apos;, revision: &amp;apos;e82be7d358&amp;apos;, time: &amp;apos;2018-11-14T08:17:03&amp;apos;
System info: host: &amp;apos;WINDOWS-HIDHT5B&amp;apos;, ip: &amp;apos;192.168.56.1&amp;apos;, os.name: &amp;apos;Windows 10&amp;apos;, os.arch: &amp;apos;amd64&amp;apos;, os.version: &amp;apos;10.0&amp;apos;, java.version: &amp;apos;13.0.1&amp;apos;
Driver info: driver.version: ChromeDriver">
      <![CDATA[org.openqa.selenium.WebDriverException: Timed out waiting for driver server to start.
Build info: version: '3.141.59', revision: 'e82be7d358', time: '2018-11-14T08:17:03'
System info: host: 'WINDOWS-HIDHT5B', ip: '192.168.56.1', os.name: 'Windows 10', os.arch: 'amd64', os.version: '10.0', java.version: '13.0.1'
Driver info: driver.version: ChromeDriver
at org.openqa.selenium.remote.service.DriverService.waitUntilAvailable(DriverService.java:202)
at org.openqa.selenium.remote.service.DriverService.start(DriverService.java:188)
at org.openqa.selenium.remote.service.DriverCommandExecutor.execute(DriverCommandExecutor.java:79)
at org.openqa.selenium.remote.RemoteWebDriver.execute(RemoteWebDriver.java:552)
at org.openqa.selenium.remote.RemoteWebDriver.startSession(RemoteWebDriver.java:213)
at org.openqa.selenium.remote.RemoteWebDriver.<init>(RemoteWebDriver.java:131)
at org.openqa.selenium.chrome.ChromeDriver.<init>(ChromeDriver.java:181)
at org.openqa.selenium.chrome.ChromeDriver.<init>(ChromeDriver.java:168)
at org.openqa.selenium.chrome.ChromeDriver.<init>(ChromeDriver.java:157)
at common.CommonAPI.getLocalDriver(CommonAPI.java:135)
at common.CommonAPI.setUp(CommonAPI.java:112)
at java.base/java.util.ArrayList.forEach(ArrayList.java:1507)
Caused by: org.openqa.selenium.net.UrlChecker$TimeoutException: Timed out waiting for [http://localhost:27894/status] to be available after 20004 ms
at org.openqa.selenium.net.UrlChecker.waitUntilAvailable(UrlChecker.java:100)
at org.openqa.selenium.remote.service.DriverService.waitUntilAvailable(DriverService.java:197)
... 47 more
Caused by: java.util.concurrent.TimeoutException
at java.base/java.util.concurrent.FutureTask.get(FutureTask.java:204)
at com.google.common.util.concurrent.SimpleTimeLimiter.callWithTimeout(SimpleTimeLimiter.java:156)
at org.openqa.selenium.net.UrlChecker.waitUntilAvailable(UrlChecker.java:75)
... 48 more
... Removed 36 stack frames]]>
    </failure>
  </testcase> <!-- @BeforeMethod setUp -->
  <testcase classname="common.CommonAPI" name="@BeforeMethod startExtent" time="-1.581199236662E9">
    <skipped/>
  </testcase> <!-- @BeforeMethod startExtent -->
  <testcase classname="common.CommonAPI" name="@AfterMethod afterEachTestMethod" time="-1.581199236663E9">
    <skipped/>
  </testcase> <!-- @AfterMethod afterEachTestMethod -->
  <testcase classname="common.CommonAPI" name="@BeforeMethod setUp" time="-1.581199236665E9">
    <skipped/>
  </testcase> <!-- @BeforeMethod setUp -->
  <testcase classname="common.CommonAPI" name="@BeforeMethod startExtent" time="-1.581199236665E9">
    <skipped/>
  </testcase> <!-- @BeforeMethod startExtent -->
  <testcase classname="common.CommonAPI" name="@AfterMethod afterEachTestMethod" time="-1.581199236666E9">
    <skipped/>
  </testcase> <!-- @AfterMethod afterEachTestMethod -->
  <testcase classname="common.CommonAPI" name="@BeforeMethod setUp" time="-1.581199236668E9">
    <skipped/>
  </testcase> <!-- @BeforeMethod setUp -->
  <testcase classname="common.CommonAPI" name="@BeforeMethod startExtent" time="-1.581199236668E9">
    <skipped/>
  </testcase> <!-- @BeforeMethod startExtent -->
  <testcase classname="common.CommonAPI" name="@AfterMethod afterEachTestMethod" time="-1.58119923667E9">
    <skipped/>
  </testcase> <!-- @AfterMethod afterEachTestMethod -->
  <testcase classname="common.CommonAPI" name="@BeforeMethod setUp" time="-1.581199236671E9">
    <skipped/>
  </testcase> <!-- @BeforeMethod setUp -->
  <testcase classname="common.CommonAPI" name="@BeforeMethod startExtent" time="-1.581199236672E9">
    <skipped/>
  </testcase> <!-- @BeforeMethod startExtent -->
  <testcase classname="common.CommonAPI" name="@AfterMethod afterEachTestMethod" time="-1.581199236673E9">
    <skipped/>
  </testcase> <!-- @AfterMethod afterEachTestMethod -->
  <testcase classname="common.CommonAPI" name="@BeforeMethod setUp" time="-1.581199236675E9">
    <skipped/>
  </testcase> <!-- @BeforeMethod setUp -->
  <testcase classname="common.CommonAPI" name="@BeforeMethod startExtent" time="-1.581199236675E9">
    <skipped/>
  </testcase> <!-- @BeforeMethod startExtent -->
  <testcase classname="common.CommonAPI" name="@AfterMethod afterEachTestMethod" time="-1.581199236677E9">
    <skipped/>
  </testcase> <!-- @AfterMethod afterEachTestMethod -->
  <testcase classname="common.CommonAPI" name="@BeforeMethod setUp" time="-1.581199236679E9">
    <skipped/>
  </testcase> <!-- @BeforeMethod setUp -->
  <testcase classname="common.CommonAPI" name="@BeforeMethod startExtent" time="-1.58119923668E9">
    <skipped/>
  </testcase> <!-- @BeforeMethod startExtent -->
  <testcase classname="common.CommonAPI" name="@AfterMethod afterEachTestMethod" time="-1.581199236682E9">
    <skipped/>
  </testcase> <!-- @AfterMethod afterEachTestMethod -->
  <testcase classname="common.CommonAPI" name="@BeforeMethod setUp" time="-1.581199236683E9">
    <skipped/>
  </testcase> <!-- @BeforeMethod setUp -->
  <testcase classname="common.CommonAPI" name="@BeforeMethod startExtent" time="-1.581199236684E9">
    <skipped/>
  </testcase> <!-- @BeforeMethod startExtent -->
  <testcase classname="common.CommonAPI" name="@AfterMethod afterEachTestMethod" time="-1.581199236685E9">
    <skipped/>
  </testcase> <!-- @AfterMethod afterEachTestMethod -->
  <testcase classname="common.CommonAPI" name="@AfterClass cleanUp" time="-1.581199236686E9">
    <skipped/>
  </testcase> <!-- @AfterClass cleanUp -->
  <testcase classname="tests.DropDownMenuTest" name="testClickOnBusiness" time="0.0">
    <skipped/>
  </testcase> <!-- testClickOnBusiness -->
  <testcase classname="tests.DropDownMenuTest" name="testClickOnIdeas" time="0.0">
    <skipped/>
  </testcase> <!-- testClickOnIdeas -->
  <testcase classname="tests.DropDownMenuTest" name="testClickOnIntelligencer" time="0.0">
    <skipped/>
  </testcase> <!-- testClickOnIntelligencer -->
  <testcase classname="tests.DropDownMenuTest" name="testClickOnPolitics" time="0.0">
    <skipped/>
  </testcase> <!-- testClickOnPolitics -->
  <testcase classname="tests.DropDownMenuTest" name="testClickOnTechnology" time="0.0">
    <skipped/>
  </testcase> <!-- testClickOnTechnology -->
  <testcase classname="tests.DropDownMenuTest" name="testGetTextFromDropDownMenu" time="0.0">
    <skipped/>
  </testcase> <!-- testGetTextFromDropDownMenu -->
  <testcase classname="tests.DropDownMenuTest" name="testThatSearchBarWorks" time="0.0">
    <skipped/>
  </testcase> <!-- testThatSearchBarWorks -->
  <testcase classname="tests.DropDownMenuTest" name="testThatYouCanClearSearchBar" time="0.0">
    <skipped/>
  </testcase> <!-- testThatYouCanClearSearchBar -->
  <testcase classname="tests.DropDownMenuTest" name="testThatYouCannotSearchWithEmptyField" time="0.0">
    <skipped/>
  </testcase> <!-- testThatYouCannotSearchWithEmptyField -->
  <testcase classname="tests.HomepageTest" name="clickOnBurgerIcon" time="0.0">
    <skipped/>
  </testcase> <!-- clickOnBurgerIcon -->
  <testcase classname="tests.HomepageTest" name="grubStreetTab" time="0.0">
    <skipped/>
  </testcase> <!-- grubStreetTab -->
  <testcase classname="tests.HomepageTest" name="intelligencerTabs" time="0.0">
    <skipped/>
  </testcase> <!-- intelligencerTabs -->
  <testcase classname="tests.HomepageTest" name="strategistTab" time="0.0">
    <skipped/>
  </testcase> <!-- strategistTab -->
  <testcase classname="tests.HomepageTest" name="theCutTabs" time="0.0">
    <skipped/>
  </testcase> <!-- theCutTabs -->
  <testcase classname="tests.HomepageTest" name="vultureTabs" time="0.0">
    <skipped/>
  </testcase> <!-- vultureTabs -->
  <testcase classname="tests.NYMagTest" name="clickOnBurgerIcon" time="0.0">
    <skipped/>
  </testcase> <!-- clickOnBurgerIcon -->
  <testcase classname="tests.NYMagTest" name="grubStreetTab" time="0.0">
    <skipped/>
  </testcase> <!-- grubStreetTab -->
  <testcase classname="tests.NYMagTest" name="intelligencerTabs" time="0.0">
    <skipped/>
  </testcase> <!-- intelligencerTabs -->
  <testcase classname="tests.NYMagTest" name="strategistTab" time="0.0">
    <skipped/>
  </testcase> <!-- strategistTab -->
  <testcase classname="tests.NYMagTest" name="theCutTabs" time="0.0">
    <skipped/>
  </testcase> <!-- theCutTabs -->
  <testcase classname="tests.NYMagTest" name="vultureTabs" time="0.0">
    <skipped/>
  </testcase> <!-- vultureTabs -->
  <testcase classname="tests.SignUpTest" name="testThatSubscribeBtnWorks" time="0.0">
    <skipped/>
  </testcase> <!-- testThatSubscribeBtnWorks -->
  <testcase classname="tests.SignUpTest" name="testThatUserCanSignInWithValidCredentials" time="0.0">
    <skipped/>
  </testcase> <!-- testThatUserCanSignInWithValidCredentials -->
  <testcase classname="tests.SignUpTest" name="testThatUserCannotSignInWithInvalidCredentials" time="0.0">
    <skipped/>
  </testcase> <!-- testThatUserCannotSignInWithInvalidCredentials -->
  <testcase classname="tests.SignUpTest" name="testThatUserCannotSignInWithoutEmail" time="0.001">
    <skipped/>
  </testcase> <!-- testThatUserCannotSignInWithoutEmail -->
  <testcase classname="tests.SignUpTest" name="testThatUserCannotSignInWithoutPassword" time="0.0">
    <skipped/>
  </testcase> <!-- testThatUserCannotSignInWithoutPassword -->
  <testcase classname="tests.SignUpTest" name="testThatYouCanSignUpWithValidEmail" time="0.0">
    <skipped/>
  </testcase> <!-- testThatYouCanSignUpWithValidEmail -->
  <testcase classname="tests.SignUpTest" name="testThatYouCannotSignUpWithAnInvalidEmail" time="0.0">
    <skipped/>
  </testcase> <!-- testThatYouCannotSignUpWithAnInvalidEmail -->
  <testcase classname="common.CommonAPI" name="@BeforeSuite extentSetup" time="0.0">
    <ignored/>
  </testcase> <!-- @BeforeSuite extentSetup -->
  <testcase classname="common.CommonAPI" name="@BeforeSuite extentSetup" time="0.0">
    <ignored/>
  </testcase> <!-- @BeforeSuite extentSetup -->
  <testcase classname="common.CommonAPI" name="@BeforeSuite extentSetup" time="0.0">
    <ignored/>
  </testcase> <!-- @BeforeSuite extentSetup -->
  <testcase classname="common.CommonAPI" name="@AfterSuite generateReport" time="0.0">
    <ignored/>
  </testcase> <!-- @AfterSuite generateReport -->
  <testcase classname="common.CommonAPI" name="@AfterSuite generateReport" time="0.0">
    <ignored/>
  </testcase> <!-- @AfterSuite generateReport -->
  <testcase classname="common.CommonAPI" name="@AfterSuite generateReport" time="0.0">
    <ignored/>
  </testcase> <!-- @AfterSuite generateReport -->
</testsuite> <!-- Surefire test -->
